2020-03-25 07:57:28 INFO root - main:Running vulnwhisperer for section openvas
2020-03-25 07:57:28 INFO vulnWhispererBase - __init__:Connected to database at /var/lib/logstash/openvas/database/report_tracker.db
2020-03-25 07:57:28 INFO vulnWhispererOpenVAS - directory_check:Directory already exist for /var/lib/logstash/openvas/ - Skipping creation
2020-03-25 07:57:29 INFO OpenVAS_API - get_reports:Retreiving OpenVAS report data...
2020-03-25 07:57:29 INFO OpenVAS_API - get_report_formats:Retrieving available report formats
2020-03-25 07:57:30 INFO vulnWhispererOpenVAS - identify_scans_to_process:Identified 1 scans to be processed
2020-03-25 07:57:30 INFO vulnWhispererOpenVAS - process_openvas_scans:Processing 1/1 - Report ID: 5400a2cb-3edf-401b-a744-39168d9ccd57
2020-03-25 07:57:30 INFO vulnWhispererOpenVAS - whisper_reports:Processing report ID: 5400a2cb-3edf-401b-a744-39168d9ccd57
2020-03-25 07:57:30 INFO OpenVAS_API - process_report:Retrieving 5400a2cb-3edf-401b-a744-39168d9ccd57
2020-03-25 07:57:30 INFO vulnWhispererOpenVAS - whisper_reports:Report written to openvas_scan_1585117175_5400a2cb3edf401ba74439168d9ccd57.json
2020-03-25 07:57:30 INFO vulnWhispererOpenVAS - process_openvas_scans:Processing complete
2020-03-25 08:02:25 INFO root - main:Running vulnwhisperer for section openvas
2020-03-25 08:02:25 INFO vulnWhispererBase - __init__:Connected to database at /var/lib/logstash/openvas/database/report_tracker.db
2020-03-25 08:02:25 INFO vulnWhispererOpenVAS - directory_check:Directory already exist for /var/lib/logstash/openvas/ - Skipping creation
2020-03-25 08:02:25 INFO OpenVAS_API - get_reports:Retreiving OpenVAS report data...
2020-03-25 08:02:26 INFO OpenVAS_API - get_report_formats:Retrieving available report formats
2020-03-25 08:02:27 INFO vulnWhispererOpenVAS - identify_scans_to_process:Identified 0 scans to be processed
2020-03-25 08:02:27 INFO vulnWhispererOpenVAS - process_openvas_scans:No new scans to process. Exiting...
2020-03-25 08:22:45 INFO root - main:Running vulnwhisperer for section openvas
2020-03-25 08:22:45 INFO vulnWhispererBase - __init__:Connected to database at /var/lib/logstash/openvas/database/report_tracker.db
2020-03-25 08:22:45 INFO vulnWhispererOpenVAS - directory_check:Directory already exist for /var/lib/logstash/openvas/ - Skipping creation
2020-03-25 08:22:45 INFO OpenVAS_API - get_reports:Retreiving OpenVAS report data...
2020-03-25 08:22:46 INFO OpenVAS_API - get_report_formats:Retrieving available report formats
2020-03-25 08:22:47 INFO vulnWhispererOpenVAS - identify_scans_to_process:Identified 0 scans to be processed
2020-03-25 08:22:47 INFO vulnWhispererOpenVAS - process_openvas_scans:No new scans to process. Exiting...
